<?xml version="1.0" encoding="UTF-8"?>
<testsuite xmlns:xsi="http://www.w3.org/2001/XMLSchema-instance" xsi:noNamespaceSchemaLocation="https://maven.apache.org/surefire/maven-surefire-plugin/xsd/surefire-test-report.xsd" name="com.fss.runner.TestRunner" time="0.107" tests="1" errors="1" skipped="0" failures="0">
  <properties>
[...]
</properties>
  <testcase name="initializationError" classname="com.fss.runner.TestRunner" time="0.003">
    <error message="path must exist: D:\SDET\samplemaven\src\test\resources\features" type="java.lang.IllegalArgumentException">java.lang.IllegalArgumentException: path must exist: D:\SDET\samplemaven\src\test\resources\features
</error>
  </testcase>
</testsuite>